<?xml version="1.0" encoding="UTF-8"?>
<robot generator="Robot 4.1 (Python 3.9.6 on darwin)" generated="20210822 14:45:40.668" rpa="false" schemaversion="2">
<suite id="s1" name="Signup" source="/Users/machruk/PycharmProjects/UV_mobile/signUp/signup.robot">
<test id="s1-t1" name="Verify Signup is successfully">
<kw name="Open Ultra Voucher App using Real Device" library="res_signUp">
<kw name="Using Real Device" library="res_signUp">
<kw name="Open Application" library="AppiumLibrary">
<arg>http://localhost:4723/wd/hub</arg>
<arg>platformName=Android</arg>
<arg>deviceName=Redmi 8</arg>
<arg>appPackage=com.ultravoucher.uv</arg>
<arg>appActivity=crc64eea3be729c86e892.MainActivity</arg>
<arg>automationName=UiAutomator1</arg>
<arg>autoGrantPermissions=true</arg>
<doc>Opens a new application to given Appium server.
Capabilities of appium server, Android and iOS,
Please check https://github.com/appium/appium/blob/master/docs/en/writing-running-appium/server-args.md
| *Option*            | *Man.* | *Description*     |
| remote_url          | Yes    | Appium server url |
| alias               | no     | alias             |</doc>
<status status="PASS" starttime="20210822 14:45:40.767" endtime="20210822 14:45:49.672"/>
</kw>
<status status="PASS" starttime="20210822 14:45:40.767" endtime="20210822 14:45:49.672"/>
</kw>
<status status="PASS" starttime="20210822 14:45:40.767" endtime="20210822 14:45:49.673"/>
</kw>
<kw name="Verify Messages info are displayed properly">
<kw name="Click Menu Profile" library="res_signUp">
<kw name="Wait Until Page Contains Element" library="AppiumLibrary">
<arg>${menu_profile}</arg>
<arg>${delay}</arg>
<doc>Waits until element specified with `locator` appears on current page.</doc>
<status status="PASS" starttime="20210822 14:45:49.674" endtime="20210822 14:45:52.287"/>
</kw>
<kw name="Tap" library="AppiumLibrary">
<arg>${menu_profile}</arg>
<doc>Tap element identified by ``locator``. </doc>
<status status="PASS" starttime="20210822 14:45:52.287" endtime="20210822 14:45:52.854"/>
</kw>
<status status="PASS" starttime="20210822 14:45:49.674" endtime="20210822 14:45:52.855"/>
</kw>
<kw name="Click Search Field" library="res_signUp">
<kw name="Wait Until Page Contains Element" library="AppiumLibrary">
<arg>${menu_search}</arg>
<arg>${delay}</arg>
<doc>Waits until element specified with `locator` appears on current page.</doc>
<status status="PASS" starttime="20210822 14:45:52.856" endtime="20210822 14:45:53.545"/>
</kw>
<kw name="Click Element" library="AppiumLibrary">
<arg>${menu_search}</arg>
<doc>Click element identified by `locator`.</doc>
<msg timestamp="20210822 14:45:53.552" level="INFO">Clicking element 'id=com.ultravoucher.uv:id/home_menu_search'.</msg>
<status status="PASS" starttime="20210822 14:45:53.546" endtime="20210822 14:45:53.873"/>
</kw>
<status status="PASS" starttime="20210822 14:45:52.855" endtime="20210822 14:45:53.873"/>
</kw>
<kw name="Click Cart Icon" library="res_signUp">
<kw name="Wait Until Page Contains Element" library="AppiumLibrary">
<arg>${menu_cart}</arg>
<arg>${delay}</arg>
<doc>Waits until element specified with `locator` appears on current page.</doc>
<status status="PASS" starttime="20210822 14:45:53.874" endtime="20210822 14:45:55.624"/>
</kw>
<kw name="Click Element" library="AppiumLibrary">
<arg>${menu_cart}</arg>
<doc>Click element identified by `locator`.</doc>
<msg timestamp="20210822 14:45:55.633" level="INFO">Clicking element 'id=com.ultravoucher.uv:id/home_menu_cart'.</msg>
<status status="PASS" starttime="20210822 14:45:55.625" endtime="20210822 14:45:55.898"/>
</kw>
<status status="PASS" starttime="20210822 14:45:53.873" endtime="20210822 14:45:55.898"/>
</kw>
<kw name="Click QR Code Icon" library="res_signUp">
<kw name="Wait Until Page Contains Element" library="AppiumLibrary">
<arg>${menu_qrCode}</arg>
<arg>${delay}</arg>
<doc>Waits until element specified with `locator` appears on current page.</doc>
<status status="PASS" starttime="20210822 14:45:55.900" endtime="20210822 14:45:56.743"/>
</kw>
<kw name="Click Element" library="AppiumLibrary">
<arg>${menu_qrCode}</arg>
<doc>Click element identified by `locator`.</doc>
<msg timestamp="20210822 14:45:56.750" level="INFO">Clicking element 'id=com.ultravoucher.uv:id/home_menu_qrcode'.</msg>
<status status="PASS" starttime="20210822 14:45:56.743" endtime="20210822 14:45:57.015"/>
</kw>
<status status="PASS" starttime="20210822 14:45:55.899" endtime="20210822 14:45:57.016"/>
</kw>
<kw name="Click Share Icon" library="res_signUp">
<kw name="Wait Until Page Contains Element" library="AppiumLibrary">
<arg>${menu_share}</arg>
<arg>${delay}</arg>
<doc>Waits until element specified with `locator` appears on current page.</doc>
<status status="PASS" starttime="20210822 14:45:57.017" endtime="20210822 14:45:57.676"/>
</kw>
<kw name="Click Element" library="AppiumLibrary">
<arg>${menu_share}</arg>
<doc>Click element identified by `locator`.</doc>
<msg timestamp="20210822 14:45:57.685" level="INFO">Clicking element 'id=com.ultravoucher.uv:id/home_menu_share'.</msg>
<status status="PASS" starttime="20210822 14:45:57.677" endtime="20210822 14:45:58.518"/>
</kw>
<status status="PASS" starttime="20210822 14:45:57.016" endtime="20210822 14:45:58.519"/>
</kw>
<kw name="Click Voucher Layout" library="res_signUp">
<kw name="Wait Until Page Contains Element" library="AppiumLibrary">
<arg>${layout_voucher}</arg>
<arg>${delay}</arg>
<doc>Waits until element specified with `locator` appears on current page.</doc>
<status status="PASS" starttime="20210822 14:45:58.520" endtime="20210822 14:45:59.151"/>
</kw>
<kw name="Click Element" library="AppiumLibrary">
<arg>${layout_voucher}</arg>
<doc>Click element identified by `locator`.</doc>
<msg timestamp="20210822 14:45:59.158" level="INFO">Clicking element 'id=com.ultravoucher.uv:id/home_layout_voucher'.</msg>
<status status="PASS" starttime="20210822 14:45:59.152" endtime="20210822 14:45:59.806"/>
</kw>
<status status="PASS" starttime="20210822 14:45:58.519" endtime="20210822 14:45:59.806"/>
</kw>
<kw name="Click CLose Ads button" library="res_signUp">
<kw name="Wait Until Page Contains Element" library="AppiumLibrary">
<arg>${btn_closeAds}</arg>
<arg>${delay}</arg>
<doc>Waits until element specified with `locator` appears on current page.</doc>
<status status="PASS" starttime="20210822 14:45:59.807" endtime="20210822 14:46:01.178"/>
</kw>
<kw name="Click Element" library="AppiumLibrary">
<arg>${btn_closeAds}</arg>
<doc>Click element identified by `locator`.</doc>
<msg timestamp="20210822 14:46:01.187" level="INFO">Clicking element 'id=com.ultravoucher.uv:id/btn_close'.</msg>
<status status="PASS" starttime="20210822 14:46:01.179" endtime="20210822 14:46:03.196"/>
</kw>
<status status="PASS" starttime="20210822 14:45:59.806" endtime="20210822 14:46:03.197"/>
</kw>
<status status="PASS" starttime="20210822 14:45:49.673" endtime="20210822 14:46:03.197"/>
</kw>
<kw name="Sign Up">
<kw name="Click Menu Profile" library="res_signUp">
<kw name="Wait Until Page Contains Element" library="AppiumLibrary">
<arg>${menu_profile}</arg>
<arg>${delay}</arg>
<doc>Waits until element specified with `locator` appears on current page.</doc>
<status status="PASS" starttime="20210822 14:46:03.200" endtime="20210822 14:46:03.862"/>
</kw>
<kw name="Tap" library="AppiumLibrary">
<arg>${menu_profile}</arg>
<doc>Tap element identified by ``locator``. </doc>
<status status="PASS" starttime="20210822 14:46:03.863" endtime="20210822 14:46:04.497"/>
</kw>
<status status="PASS" starttime="20210822 14:46:03.199" endtime="20210822 14:46:04.498"/>
</kw>
<kw name="Click &quot;Masuk&quot; button" library="res_signUp">
<kw name="Wait Until Page Contains Element" library="AppiumLibrary">
<arg>${btn_login}</arg>
<arg>${delay}</arg>
<doc>Waits until element specified with `locator` appears on current page.</doc>
<status status="PASS" starttime="20210822 14:46:04.499" endtime="20210822 14:46:05.384"/>
</kw>
<kw name="Click Element" library="AppiumLibrary">
<arg>${btn_login}</arg>
<doc>Click element identified by `locator`.</doc>
<msg timestamp="20210822 14:46:05.391" level="INFO">Clicking element 'id=com.ultravoucher.uv:id/btn_login'.</msg>
<status status="PASS" starttime="20210822 14:46:05.384" endtime="20210822 14:46:05.943"/>
</kw>
<status status="PASS" starttime="20210822 14:46:04.498" endtime="20210822 14:46:05.943"/>
</kw>
<kw name="Click &quot;Buat Akun&quot; link" library="res_signUp">
<kw name="Wait Until Page Contains Element" library="AppiumLibrary">
<arg>${link_signUp}</arg>
<arg>${delay}</arg>
<doc>Waits until element specified with `locator` appears on current page.</doc>
<status status="PASS" starttime="20210822 14:46:05.945" endtime="20210822 14:46:06.664"/>
</kw>
<kw name="Click Element" library="AppiumLibrary">
<arg>${link_signUp}</arg>
<doc>Click element identified by `locator`.</doc>
<msg timestamp="20210822 14:46:06.670" level="INFO">Clicking element 'id=com.ultravoucher.uv:id/tv_register'.</msg>
<status status="PASS" starttime="20210822 14:46:06.664" endtime="20210822 14:46:07.298"/>
</kw>
<status status="PASS" starttime="20210822 14:46:05.944" endtime="20210822 14:46:07.299"/>
</kw>
<kw name="Input Email" library="res_signUp">
<kw name="Wait Until Page Contains Element" library="AppiumLibrary">
<arg>${fld_email}</arg>
<arg>${delay}</arg>
<doc>Waits until element specified with `locator` appears on current page.</doc>
<status status="PASS" starttime="20210822 14:46:07.300" endtime="20210822 14:46:08.140"/>
</kw>
<kw name="Input Value" library="AppiumLibrary">
<arg>${fld_email}</arg>
<arg>${valid_email}</arg>
<doc>Sets the given value into text field identified by `locator`. This is an IOS only keyword, input value makes use of set_value</doc>
<msg timestamp="20210822 14:46:08.147" level="INFO">Setting text 'machruk.m@gmail.com' into text field 'id=com.ultravoucher.uv:id/reg_et_email'</msg>
<status status="PASS" starttime="20210822 14:46:08.141" endtime="20210822 14:46:09.578"/>
</kw>
<kw name="Hide Keyboard" library="AppiumLibrary">
<doc>Hides the software keyboard on the device. (optional) In iOS, use `key_name` to press
a particular key, ex. `Done`. In Android, no parameters are used.</doc>
<status status="PASS" starttime="20210822 14:46:09.579" endtime="20210822 14:46:13.746"/>
</kw>
<status status="PASS" starttime="20210822 14:46:07.299" endtime="20210822 14:46:13.746"/>
</kw>
<kw name="Input Phone" library="res_signUp">
<kw name="Sleep" library="BuiltIn">
<arg>3</arg>
<doc>Pauses the test executed for the given time.</doc>
<msg timestamp="20210822 14:46:16.749" level="INFO">Slept 3 seconds</msg>
<status status="PASS" starttime="20210822 14:46:13.748" endtime="20210822 14:46:16.750"/>
</kw>
<kw name="Wait Until Page Contains Element" library="AppiumLibrary">
<arg>${fld_phone}</arg>
<arg>${delay}</arg>
<doc>Waits until element specified with `locator` appears on current page.</doc>
<status status="PASS" starttime="20210822 14:46:16.751" endtime="20210822 14:46:16.992"/>
</kw>
<kw name="Input Value" library="AppiumLibrary">
<arg>${fld_phone}</arg>
<arg>${valid_phone}</arg>
<doc>Sets the given value into text field identified by `locator`. This is an IOS only keyword, input value makes use of set_value</doc>
<msg timestamp="20210822 14:46:16.997" level="INFO">Setting text '085281114886' into text field 'id=com.ultravoucher.uv:id/reg_et_hp'</msg>
<status status="PASS" starttime="20210822 14:46:16.992" endtime="20210822 14:46:18.621"/>
</kw>
<kw name="Hide Keyboard" library="AppiumLibrary">
<doc>Hides the software keyboard on the device. (optional) In iOS, use `key_name` to press
a particular key, ex. `Done`. In Android, no parameters are used.</doc>
<status status="PASS" starttime="20210822 14:46:18.622" endtime="20210822 14:46:21.691"/>
</kw>
<status status="PASS" starttime="20210822 14:46:13.747" endtime="20210822 14:46:21.691"/>
</kw>
<kw name="Input Nama Depan" library="res_signUp">
<kw name="Wait Until Page Contains Element" library="AppiumLibrary">
<arg>${fld_fn}</arg>
<arg>${delay}</arg>
<doc>Waits until element specified with `locator` appears on current page.</doc>
<status status="PASS" starttime="20210822 14:46:21.693" endtime="20210822 14:46:22.182"/>
</kw>
<kw name="Input Value" library="AppiumLibrary">
<arg>${fld_fn}</arg>
<arg>${namaDepan}</arg>
<doc>Sets the given value into text field identified by `locator`. This is an IOS only keyword, input value makes use of set_value</doc>
<msg timestamp="20210822 14:46:22.189" level="INFO">Setting text 'Machruk' into text field 'id=com.ultravoucher.uv:id/reg_et_nama'</msg>
<status status="PASS" starttime="20210822 14:46:22.183" endtime="20210822 14:46:24.002"/>
</kw>
<kw name="Hide Keyboard" library="AppiumLibrary">
<doc>Hides the software keyboard on the device. (optional) In iOS, use `key_name` to press
a particular key, ex. `Done`. In Android, no parameters are used.</doc>
<status status="PASS" starttime="20210822 14:46:24.002" endtime="20210822 14:46:27.192"/>
</kw>
<status status="PASS" starttime="20210822 14:46:21.692" endtime="20210822 14:46:27.192"/>
</kw>
<kw name="Input Nama Belakang" library="res_signUp">
<kw name="Wait Until Page Contains Element" library="AppiumLibrary">
<arg>${fld_ln}</arg>
<arg>${delay}</arg>
<doc>Waits until element specified with `locator` appears on current page.</doc>
<status status="PASS" starttime="20210822 14:46:27.193" endtime="20210822 14:46:27.784"/>
</kw>
<kw name="Input Value" library="AppiumLibrary">
<arg>${fld_ln}</arg>
<arg>${namaBelakang}</arg>
<doc>Sets the given value into text field identified by `locator`. This is an IOS only keyword, input value makes use of set_value</doc>
<msg timestamp="20210822 14:46:27.787" level="INFO">Setting text 'Marjuki' into text field 'id=com.ultravoucher.uv:id/reg_et_nama_belakang'</msg>
<status status="PASS" starttime="20210822 14:46:27.785" endtime="20210822 14:46:28.966"/>
</kw>
<kw name="Hide Keyboard" library="AppiumLibrary">
<doc>Hides the software keyboard on the device. (optional) In iOS, use `key_name` to press
a particular key, ex. `Done`. In Android, no parameters are used.</doc>
<status status="PASS" starttime="20210822 14:46:28.966" endtime="20210822 14:46:32.185"/>
</kw>
<status status="PASS" starttime="20210822 14:46:27.192" endtime="20210822 14:46:32.186"/>
</kw>
<kw name="Input Kata Sandi" library="res_signUp">
<kw name="Wait Until Page Contains Element" library="AppiumLibrary">
<arg>${fld_pwdSignup}</arg>
<arg>${delay}</arg>
<doc>Waits until element specified with `locator` appears on current page.</doc>
<status status="PASS" starttime="20210822 14:46:32.187" endtime="20210822 14:46:32.651"/>
</kw>
<kw name="Input Value" library="AppiumLibrary">
<arg>${fld_pwdSignup}</arg>
<arg>${valid_pwd}</arg>
<doc>Sets the given value into text field identified by `locator`. This is an IOS only keyword, input value makes use of set_value</doc>
<msg timestamp="20210822 14:46:32.658" level="INFO">Setting text 'Qwerty123' into text field 'id=com.ultravoucher.uv:id/reg_et_password'</msg>
<status status="PASS" starttime="20210822 14:46:32.651" endtime="20210822 14:46:33.931"/>
</kw>
<kw name="Hide Keyboard" library="AppiumLibrary">
<doc>Hides the software keyboard on the device. (optional) In iOS, use `key_name` to press
a particular key, ex. `Done`. In Android, no parameters are used.</doc>
<status status="PASS" starttime="20210822 14:46:33.932" endtime="20210822 14:46:37.158"/>
</kw>
<status status="PASS" starttime="20210822 14:46:32.186" endtime="20210822 14:46:37.159"/>
</kw>
<kw name="Input Konfirmasi Kata Sandi" library="res_signUp">
<kw name="Wait Until Page Contains Element" library="AppiumLibrary">
<arg>${fld_pwdCnfrm}</arg>
<arg>${delay}</arg>
<doc>Waits until element specified with `locator` appears on current page.</doc>
<status status="PASS" starttime="20210822 14:46:37.160" endtime="20210822 14:46:37.674"/>
</kw>
<kw name="Input Value" library="AppiumLibrary">
<arg>${fld_pwdCnfrm}</arg>
<arg>${valid_pwd}</arg>
<doc>Sets the given value into text field identified by `locator`. This is an IOS only keyword, input value makes use of set_value</doc>
<msg timestamp="20210822 14:46:37.681" level="INFO">Setting text 'Qwerty123' into text field 'id=com.ultravoucher.uv:id/reg_et_upass'</msg>
<status status="PASS" starttime="20210822 14:46:37.675" endtime="20210822 14:46:39.455"/>
</kw>
<kw name="Hide Keyboard" library="AppiumLibrary">
<doc>Hides the software keyboard on the device. (optional) In iOS, use `key_name` to press
a particular key, ex. `Done`. In Android, no parameters are used.</doc>
<status status="PASS" starttime="20210822 14:46:39.456" endtime="20210822 14:46:42.560"/>
</kw>
<status status="PASS" starttime="20210822 14:46:37.159" endtime="20210822 14:46:42.561"/>
</kw>
<status status="PASS" starttime="20210822 14:46:03.198" endtime="20210822 14:46:42.561"/>
</kw>
<status status="PASS" starttime="20210822 14:45:40.767" endtime="20210822 14:46:42.562"/>
</test>
<kw name="Close Application" library="AppiumLibrary" type="TEARDOWN">
<doc>Closes the current application and also close webdriver session.</doc>
<status status="PASS" starttime="20210822 14:46:42.564" endtime="20210822 14:46:43.973"/>
</kw>
<doc>Sign Up Ultra Voucher App</doc>
<status status="PASS" starttime="20210822 14:45:40.669" endtime="20210822 14:46:43.974"/>
</suite>
<statistics>
<total>
<stat pass="1" fail="0" skip="0">All Tests</stat>
</total>
<tag>
</tag>
<suite>
<stat pass="1" fail="0" skip="0" id="s1" name="Signup">Signup</stat>
</suite>
</statistics>
<errors>
</errors>
</robot>
